<?xml version="1.0" encoding="UTF-8"?>
<Site BuildName="(empty)"
	BuildStamp="20250126-0704-Experimental"
	Name="(empty)"
	Generator="ctest-3.30.0"
	CompilerName=""
	CompilerVersion=""
	OSName="Linux"
	Hostname="Flower"
	OSRelease="5.15.167.4-microsoft-standard-WSL2"
	OSVersion="#1 SMP Tue Nov 5 00:21:55 UTC 2024"
	OSPlatform="x86_64"
	Is64Bits="1"
	VendorString="GenuineIntel"
	VendorID="Intel Corporation"
	FamilyID="6"
	ModelID="126"
	ProcessorCacheSize="8192"
	NumberOfLogicalCPU="4"
	NumberOfPhysicalCPU="2"
	TotalVirtualMemory="8192"
	TotalPhysicalMemory="11966"
	LogicalProcessorsPerPhysical="2"
	ProcessorClockFrequency="1497.6"
	>
	<Testing>
		<StartDateTime>Jan 26 15:04 CST</StartDateTime>
		<StartTestTime>1737875061</StartTestTime>
		<TestList/>
		<EndDateTime>Jan 26 15:04 CST</EndDateTime>
		<EndTestTime>1737875061</EndTestTime>
		<ElapsedMinutes>0</ElapsedMinutes>
	</Testing>
</Site>
